
Logging initialized using configuration in jar:file:/home/ubuntu/software/hive-1.2.1/lib/hive-common-1.2.1.jar!/hive-log4j.properties
Hive history file=/tmp/ubuntu/hive_job_log_4cd9f221-72ec-4abc-80e6-3b23f1e6dcba_1927817913.txt
SLF4J: Class path contains multiple SLF4J bindings.
SLF4J: Found binding in [jar:file:/home/ubuntu/software/tez-0.7.1-SNAPSHOT-minimal/lib/slf4j-log4j12-1.7.5.jar!/org/slf4j/impl/StaticLoggerBinder.class]
SLF4J: Found binding in [jar:file:/home/ubuntu/software/hadoop-2.6.0/share/hadoop/common/lib/slf4j-log4j12-1.7.5.jar!/org/slf4j/impl/StaticLoggerBinder.class]
SLF4J: See http://www.slf4j.org/codes.html#multiple_bindings for an explanation.
SLF4J: Actual binding is of type [org.slf4j.impl.Log4jLoggerFactory]
OK
Time taken: 1.178 seconds
Query ID = ubuntu_20170926103657_3626f040-ae0a-45ee-9025-74b5c09ebf5a
Total jobs = 1
Launching Job 1 out of 1


Status: Running (Executing on YARN cluster with App id application_1506281836527_0088)

Map 1: -/-	Map 5: -/-	Map 6: -/-	Reducer 2: 0/1	Reducer 3: 0/1	Reducer 4: 0/1	
Map 1: 0/50	Map 5: 0/1	Map 6: 0/1	Reducer 2: 0/1	Reducer 3: 0/1	Reducer 4: 0/1	
Map 1: 0(+1)/50	Map 5: 0/1	Map 6: 0/1	Reducer 2: 0/1	Reducer 3: 0/1	Reducer 4: 0/1	
Map 1: 0(+4)/50	Map 5: 0/1	Map 6: 0/1	Reducer 2: 0/1	Reducer 3: 0/1	Reducer 4: 0/1	
Map 1: 0(+4)/50	Map 5: 0/1	Map 6: 0/1	Reducer 2: 0/1	Reducer 3: 0/1	Reducer 4: 0/1	
Map 1: 0(+8)/50	Map 5: 0/1	Map 6: 0/1	Reducer 2: 0/1	Reducer 3: 0/1	Reducer 4: 0/1	
Map 1: 0(+14)/50	Map 5: 0(+1)/1	Map 6: 0(+1)/1	Reducer 2: 0/1	Reducer 3: 0/1	Reducer 4: 0/1	
Map 1: 0(+14)/50	Map 5: 0(+1)/1	Map 6: 0(+1)/1	Reducer 2: 0/1	Reducer 3: 0/1	Reducer 4: 0/1	
Map 1: 0(+14)/50	Map 5: 0(+1)/1	Map 6: 1/1	Reducer 2: 0/1	Reducer 3: 0/1	Reducer 4: 0/1	
Map 1: 0(+14)/50	Map 5: 1/1	Map 6: 1/1	Reducer 2: 0/1	Reducer 3: 0/1	Reducer 4: 0/1	
Map 1: 0(+15)/50	Map 5: 1/1	Map 6: 1/1	Reducer 2: 0/1	Reducer 3: 0/1	Reducer 4: 0/1	
Map 1: 0(+16)/50	Map 5: 1/1	Map 6: 1/1	Reducer 2: 0/1	Reducer 3: 0/1	Reducer 4: 0/1	
Map 1: 2(+14)/50	Map 5: 1/1	Map 6: 1/1	Reducer 2: 0/1	Reducer 3: 0/1	Reducer 4: 0/1	
Map 1: 3(+13)/50	Map 5: 1/1	Map 6: 1/1	Reducer 2: 0/1	Reducer 3: 0/1	Reducer 4: 0/1	
Map 1: 4(+13)/50	Map 5: 1/1	Map 6: 1/1	Reducer 2: 0/1	Reducer 3: 0/1	Reducer 4: 0/1	
Map 1: 5(+12)/50	Map 5: 1/1	Map 6: 1/1	Reducer 2: 0/1	Reducer 3: 0/1	Reducer 4: 0/1	
Map 1: 6(+11)/50	Map 5: 1/1	Map 6: 1/1	Reducer 2: 0/1	Reducer 3: 0/1	Reducer 4: 0/1	
Map 1: 7(+10)/50	Map 5: 1/1	Map 6: 1/1	Reducer 2: 0/1	Reducer 3: 0/1	Reducer 4: 0/1	
Map 1: 9(+8)/50	Map 5: 1/1	Map 6: 1/1	Reducer 2: 0/1	Reducer 3: 0/1	Reducer 4: 0/1	
Map 1: 12(+5)/50	Map 5: 1/1	Map 6: 1/1	Reducer 2: 0/1	Reducer 3: 0/1	Reducer 4: 0/1	
Map 1: 14(+4)/50	Map 5: 1/1	Map 6: 1/1	Reducer 2: 0/1	Reducer 3: 0/1	Reducer 4: 0/1	
Map 1: 14(+5)/50	Map 5: 1/1	Map 6: 1/1	Reducer 2: 0/1	Reducer 3: 0/1	Reducer 4: 0/1	
Map 1: 14(+6)/50	Map 5: 1/1	Map 6: 1/1	Reducer 2: 0/1	Reducer 3: 0/1	Reducer 4: 0/1	
Map 1: 14(+7)/50	Map 5: 1/1	Map 6: 1/1	Reducer 2: 0/1	Reducer 3: 0/1	Reducer 4: 0/1	
Map 1: 14(+8)/50	Map 5: 1/1	Map 6: 1/1	Reducer 2: 0/1	Reducer 3: 0/1	Reducer 4: 0/1	
Map 1: 14(+9)/50	Map 5: 1/1	Map 6: 1/1	Reducer 2: 0/1	Reducer 3: 0/1	Reducer 4: 0/1	
Map 1: 14(+10)/50	Map 5: 1/1	Map 6: 1/1	Reducer 2: 0/1	Reducer 3: 0/1	Reducer 4: 0/1	
Map 1: 14(+11)/50	Map 5: 1/1	Map 6: 1/1	Reducer 2: 0/1	Reducer 3: 0/1	Reducer 4: 0/1	
Map 1: 14(+12)/50	Map 5: 1/1	Map 6: 1/1	Reducer 2: 0/1	Reducer 3: 0/1	Reducer 4: 0/1	
Map 1: 15(+14)/50	Map 5: 1/1	Map 6: 1/1	Reducer 2: 0/1	Reducer 3: 0/1	Reducer 4: 0/1	
Map 1: 15(+15)/50	Map 5: 1/1	Map 6: 1/1	Reducer 2: 0/1	Reducer 3: 0/1	Reducer 4: 0/1	
Map 1: 16(+14)/50	Map 5: 1/1	Map 6: 1/1	Reducer 2: 0/1	Reducer 3: 0/1	Reducer 4: 0/1	
Map 1: 16(+15)/50	Map 5: 1/1	Map 6: 1/1	Reducer 2: 0/1	Reducer 3: 0/1	Reducer 4: 0/1	
Map 1: 17(+14)/50	Map 5: 1/1	Map 6: 1/1	Reducer 2: 0/1	Reducer 3: 0/1	Reducer 4: 0/1	
Map 1: 17(+15)/50	Map 5: 1/1	Map 6: 1/1	Reducer 2: 0/1	Reducer 3: 0/1	Reducer 4: 0/1	
Map 1: 18(+14)/50	Map 5: 1/1	Map 6: 1/1	Reducer 2: 0/1	Reducer 3: 0/1	Reducer 4: 0/1	
Map 1: 19(+13)/50	Map 5: 1/1	Map 6: 1/1	Reducer 2: 0/1	Reducer 3: 0/1	Reducer 4: 0/1	
Map 1: 19(+14)/50	Map 5: 1/1	Map 6: 1/1	Reducer 2: 0/1	Reducer 3: 0/1	Reducer 4: 0/1	
Map 1: 20(+13)/50	Map 5: 1/1	Map 6: 1/1	Reducer 2: 0/1	Reducer 3: 0/1	Reducer 4: 0/1	
Map 1: 21(+12)/50	Map 5: 1/1	Map 6: 1/1	Reducer 2: 0/1	Reducer 3: 0/1	Reducer 4: 0/1	
Map 1: 22(+11)/50	Map 5: 1/1	Map 6: 1/1	Reducer 2: 0/1	Reducer 3: 0/1	Reducer 4: 0/1	
Map 1: 23(+11)/50	Map 5: 1/1	Map 6: 1/1	Reducer 2: 0/1	Reducer 3: 0/1	Reducer 4: 0/1	
Map 1: 24(+11)/50	Map 5: 1/1	Map 6: 1/1	Reducer 2: 0/1	Reducer 3: 0/1	Reducer 4: 0/1	
Map 1: 26(+9)/50	Map 5: 1/1	Map 6: 1/1	Reducer 2: 0/1	Reducer 3: 0/1	Reducer 4: 0/1	
Map 1: 26(+10)/50	Map 5: 1/1	Map 6: 1/1	Reducer 2: 0/1	Reducer 3: 0/1	Reducer 4: 0/1	
Map 1: 27(+10)/50	Map 5: 1/1	Map 6: 1/1	Reducer 2: 0/1	Reducer 3: 0/1	Reducer 4: 0/1	
Map 1: 31(+6)/50	Map 5: 1/1	Map 6: 1/1	Reducer 2: 0/1	Reducer 3: 0/1	Reducer 4: 0/1	
Map 1: 31(+7)/50	Map 5: 1/1	Map 6: 1/1	Reducer 2: 0/1	Reducer 3: 0/1	Reducer 4: 0/1	
Map 1: 31(+8)/50	Map 5: 1/1	Map 6: 1/1	Reducer 2: 0/1	Reducer 3: 0/1	Reducer 4: 0/1	
Map 1: 31(+9)/50	Map 5: 1/1	Map 6: 1/1	Reducer 2: 0/1	Reducer 3: 0/1	Reducer 4: 0/1	
Map 1: 31(+12)/50	Map 5: 1/1	Map 6: 1/1	Reducer 2: 0/1	Reducer 3: 0/1	Reducer 4: 0/1	
Map 1: 32(+11)/50	Map 5: 1/1	Map 6: 1/1	Reducer 2: 0/1	Reducer 3: 0/1	Reducer 4: 0/1	
Map 1: 32(+12)/50	Map 5: 1/1	Map 6: 1/1	Reducer 2: 0/1	Reducer 3: 0/1	Reducer 4: 0/1	
Map 1: 32(+15)/50	Map 5: 1/1	Map 6: 1/1	Reducer 2: 0/1	Reducer 3: 0/1	Reducer 4: 0/1	
Map 1: 33(+14)/50	Map 5: 1/1	Map 6: 1/1	Reducer 2: 0/1	Reducer 3: 0/1	Reducer 4: 0/1	
Map 1: 33(+15)/50	Map 5: 1/1	Map 6: 1/1	Reducer 2: 0/1	Reducer 3: 0/1	Reducer 4: 0/1	
Map 1: 34(+14)/50	Map 5: 1/1	Map 6: 1/1	Reducer 2: 0/1	Reducer 3: 0/1	Reducer 4: 0/1	
Map 1: 34(+15)/50	Map 5: 1/1	Map 6: 1/1	Reducer 2: 0/1	Reducer 3: 0/1	Reducer 4: 0/1	
Map 1: 35(+14)/50	Map 5: 1/1	Map 6: 1/1	Reducer 2: 0/1	Reducer 3: 0/1	Reducer 4: 0/1	
Map 1: 37(+12)/50	Map 5: 1/1	Map 6: 1/1	Reducer 2: 0/1	Reducer 3: 0/1	Reducer 4: 0/1	
Map 1: 38(+11)/50	Map 5: 1/1	Map 6: 1/1	Reducer 2: 0/1	Reducer 3: 0/1	Reducer 4: 0/1	
Map 1: 38(+12)/50	Map 5: 1/1	Map 6: 1/1	Reducer 2: 0/1	Reducer 3: 0/1	Reducer 4: 0/1	
Map 1: 39(+11)/50	Map 5: 1/1	Map 6: 1/1	Reducer 2: 0/1	Reducer 3: 0/1	Reducer 4: 0/1	
Map 1: 41(+9)/50	Map 5: 1/1	Map 6: 1/1	Reducer 2: 0/1	Reducer 3: 0/1	Reducer 4: 0/1	
Map 1: 42(+8)/50	Map 5: 1/1	Map 6: 1/1	Reducer 2: 0/1	Reducer 3: 0/1	Reducer 4: 0/1	
Map 1: 43(+7)/50	Map 5: 1/1	Map 6: 1/1	Reducer 2: 0/1	Reducer 3: 0/1	Reducer 4: 0/1	
Map 1: 45(+5)/50	Map 5: 1/1	Map 6: 1/1	Reducer 2: 0/1	Reducer 3: 0/1	Reducer 4: 0/1	
Map 1: 46(+4)/50	Map 5: 1/1	Map 6: 1/1	Reducer 2: 0/1	Reducer 3: 0/1	Reducer 4: 0/1	
Map 1: 47(+3)/50	Map 5: 1/1	Map 6: 1/1	Reducer 2: 0/1	Reducer 3: 0/1	Reducer 4: 0/1	
Map 1: 48(+2)/50	Map 5: 1/1	Map 6: 1/1	Reducer 2: 0/1	Reducer 3: 0/1	Reducer 4: 0/1	
Map 1: 49(+1)/50	Map 5: 1/1	Map 6: 1/1	Reducer 2: 0/1	Reducer 3: 0/1	Reducer 4: 0/1	
Map 1: 50/50	Map 5: 1/1	Map 6: 1/1	Reducer 2: 0/1	Reducer 3: 0/1	Reducer 4: 0/1	
Map 1: 50/50	Map 5: 1/1	Map 6: 1/1	Reducer 2: 0(+1)/1	Reducer 3: 0/1	Reducer 4: 0/1	
Map 1: 50/50	Map 5: 1/1	Map 6: 1/1	Reducer 2: 1/1	Reducer 3: 0/1	Reducer 4: 0/1	
Map 1: 50/50	Map 5: 1/1	Map 6: 1/1	Reducer 2: 1/1	Reducer 3: 0(+1)/1	Reducer 4: 0/1	
Map 1: 50/50	Map 5: 1/1	Map 6: 1/1	Reducer 2: 1/1	Reducer 3: 1/1	Reducer 4: 0/1	
Map 1: 50/50	Map 5: 1/1	Map 6: 1/1	Reducer 2: 1/1	Reducer 3: 1/1	Reducer 4: 0(+1)/1	
Map 1: 50/50	Map 5: 1/1	Map 6: 1/1	Reducer 2: 1/1	Reducer 3: 1/1	Reducer 4: 1/1	
OK
Time taken: 64.081 seconds, Fetched: 100 row(s)
