
Logging initialized using configuration in jar:file:/home/ubuntu/software/hive-1.2.1/lib/hive-common-1.2.1.jar!/hive-log4j.properties
Hive history file=/tmp/ubuntu/hive_job_log_adf23771-f298-43c3-a140-8eaac905fcf6_2107987538.txt
SLF4J: Class path contains multiple SLF4J bindings.
SLF4J: Found binding in [jar:file:/home/ubuntu/software/tez-0.7.1-SNAPSHOT-minimal/lib/slf4j-log4j12-1.7.5.jar!/org/slf4j/impl/StaticLoggerBinder.class]
SLF4J: Found binding in [jar:file:/home/ubuntu/software/hadoop-2.6.0/share/hadoop/common/lib/slf4j-log4j12-1.7.5.jar!/org/slf4j/impl/StaticLoggerBinder.class]
SLF4J: See http://www.slf4j.org/codes.html#multiple_bindings for an explanation.
SLF4J: Actual binding is of type [org.slf4j.impl.Log4jLoggerFactory]
OK
Time taken: 1.378 seconds
Query ID = ubuntu_20170926101939_22aaa33e-779d-4d09-9538-bfcd09abd32c
Total jobs = 11
Stage-29 is selected by condition resolver.
Stage-1 is filtered out by condition resolver.
Stage-30 is selected by condition resolver.
Stage-7 is filtered out by condition resolver.
Stage-31 is selected by condition resolver.
Stage-9 is filtered out by condition resolver.
SLF4J: Class path contains multiple SLF4J bindings.
SLF4J: Found binding in [jar:file:/home/ubuntu/software/tez-0.7.1-SNAPSHOT-minimal/lib/slf4j-log4j12-1.7.5.jar!/org/slf4j/impl/StaticLoggerBinder.class]
SLF4J: Found binding in [jar:file:/home/ubuntu/software/hadoop-2.6.0/share/hadoop/common/lib/slf4j-log4j12-1.7.5.jar!/org/slf4j/impl/StaticLoggerBinder.class]
SLF4J: See http://www.slf4j.org/codes.html#multiple_bindings for an explanation.
SLF4J: Actual binding is of type [org.slf4j.impl.Log4jLoggerFactory]
Execution log at: /tmp/ubuntu/ubuntu_20170926101939_22aaa33e-779d-4d09-9538-bfcd09abd32c.log
2017-09-26 10:19:47	Starting to launch local task to process map join;	maximum memory = 932184064
2017-09-26 10:19:48	Dump the side-table for tag: 1 with group count: 31 into file: file:/tmp/ubuntu/adf23771-f298-43c3-a140-8eaac905fcf6/hive_2017-09-26_10-19-39_520_2687077279668633947-1/-local-10016/HashTable-Stage-17/MapJoin-mapfile31--.hashtable
2017-09-26 10:19:48	Uploaded 1 File to: file:/tmp/ubuntu/adf23771-f298-43c3-a140-8eaac905fcf6/hive_2017-09-26_10-19-39_520_2687077279668633947-1/-local-10016/HashTable-Stage-17/MapJoin-mapfile31--.hashtable (914 bytes)
2017-09-26 10:19:48	End of local task; Time Taken: 1.543 sec.
Execution completed successfully
MapredLocal task succeeded
SLF4J: Class path contains multiple SLF4J bindings.
SLF4J: Found binding in [jar:file:/home/ubuntu/software/tez-0.7.1-SNAPSHOT-minimal/lib/slf4j-log4j12-1.7.5.jar!/org/slf4j/impl/StaticLoggerBinder.class]
SLF4J: Found binding in [jar:file:/home/ubuntu/software/hadoop-2.6.0/share/hadoop/common/lib/slf4j-log4j12-1.7.5.jar!/org/slf4j/impl/StaticLoggerBinder.class]
SLF4J: See http://www.slf4j.org/codes.html#multiple_bindings for an explanation.
SLF4J: Actual binding is of type [org.slf4j.impl.Log4jLoggerFactory]
Execution log at: /tmp/ubuntu/ubuntu_20170926101939_22aaa33e-779d-4d09-9538-bfcd09abd32c.log
2017-09-26 10:19:52	Starting to launch local task to process map join;	maximum memory = 932184064
2017-09-26 10:19:53	Dump the side-table for tag: 1 with group count: 31 into file: file:/tmp/ubuntu/adf23771-f298-43c3-a140-8eaac905fcf6/hive_2017-09-26_10-19-39_520_2687077279668633947-1/-local-10018/HashTable-Stage-20/MapJoin-mapfile51--.hashtable
2017-09-26 10:19:53	Uploaded 1 File to: file:/tmp/ubuntu/adf23771-f298-43c3-a140-8eaac905fcf6/hive_2017-09-26_10-19-39_520_2687077279668633947-1/-local-10018/HashTable-Stage-20/MapJoin-mapfile51--.hashtable (914 bytes)
2017-09-26 10:19:53	End of local task; Time Taken: 1.256 sec.
Execution completed successfully
MapredLocal task succeeded
SLF4J: Class path contains multiple SLF4J bindings.
SLF4J: Found binding in [jar:file:/home/ubuntu/software/tez-0.7.1-SNAPSHOT-minimal/lib/slf4j-log4j12-1.7.5.jar!/org/slf4j/impl/StaticLoggerBinder.class]
SLF4J: Found binding in [jar:file:/home/ubuntu/software/hadoop-2.6.0/share/hadoop/common/lib/slf4j-log4j12-1.7.5.jar!/org/slf4j/impl/StaticLoggerBinder.class]
SLF4J: See http://www.slf4j.org/codes.html#multiple_bindings for an explanation.
SLF4J: Actual binding is of type [org.slf4j.impl.Log4jLoggerFactory]
Execution log at: /tmp/ubuntu/ubuntu_20170926101939_22aaa33e-779d-4d09-9538-bfcd09abd32c.log
2017-09-26 10:19:56	Starting to launch local task to process map join;	maximum memory = 932184064
2017-09-26 10:19:57	Dump the side-table for tag: 1 with group count: 31 into file: file:/tmp/ubuntu/adf23771-f298-43c3-a140-8eaac905fcf6/hive_2017-09-26_10-19-39_520_2687077279668633947-1/-local-10020/HashTable-Stage-23/MapJoin-mapfile71--.hashtable
2017-09-26 10:19:57	Uploaded 1 File to: file:/tmp/ubuntu/adf23771-f298-43c3-a140-8eaac905fcf6/hive_2017-09-26_10-19-39_520_2687077279668633947-1/-local-10020/HashTable-Stage-23/MapJoin-mapfile71--.hashtable (914 bytes)
2017-09-26 10:19:57	End of local task; Time Taken: 1.374 sec.
Execution completed successfully
MapredLocal task succeeded
Launching Job 4 out of 11
Number of reduce tasks is set to 0 since there's no reduce operator
Starting Job = job_1506281836527_0074, Tracking URL = http://vm-21-1:8088/proxy/application_1506281836527_0074/
Kill Command = /home/ubuntu/software/hadoop-2.6.0/bin/hadoop job  -kill job_1506281836527_0074
Hadoop job information for Stage-17: number of mappers: 26; number of reducers: 0
2017-09-26 10:20:13,617 Stage-17 map = 0%,  reduce = 0%
2017-09-26 10:20:26,364 Stage-17 map = 1%,  reduce = 0%, Cumulative CPU 21.67 sec
2017-09-26 10:20:28,506 Stage-17 map = 6%,  reduce = 0%, Cumulative CPU 26.99 sec
2017-09-26 10:20:29,582 Stage-17 map = 8%,  reduce = 0%, Cumulative CPU 28.61 sec
2017-09-26 10:20:30,642 Stage-17 map = 9%,  reduce = 0%, Cumulative CPU 51.56 sec
2017-09-26 10:20:31,702 Stage-17 map = 16%,  reduce = 0%, Cumulative CPU 101.47 sec
2017-09-26 10:20:32,773 Stage-17 map = 18%,  reduce = 0%, Cumulative CPU 102.01 sec
2017-09-26 10:20:33,836 Stage-17 map = 24%,  reduce = 0%, Cumulative CPU 108.88 sec
2017-09-26 10:20:34,904 Stage-17 map = 39%,  reduce = 0%, Cumulative CPU 122.77 sec
2017-09-26 10:20:37,036 Stage-17 map = 51%,  reduce = 0%, Cumulative CPU 138.03 sec
2017-09-26 10:20:38,105 Stage-17 map = 62%,  reduce = 0%, Cumulative CPU 143.25 sec
2017-09-26 10:20:43,411 Stage-17 map = 64%,  reduce = 0%, Cumulative CPU 160.82 sec
2017-09-26 10:20:45,526 Stage-17 map = 68%,  reduce = 0%, Cumulative CPU 170.89 sec
2017-09-26 10:20:46,588 Stage-17 map = 75%,  reduce = 0%, Cumulative CPU 182.62 sec
2017-09-26 10:20:47,652 Stage-17 map = 85%,  reduce = 0%, Cumulative CPU 209.77 sec
2017-09-26 10:20:48,710 Stage-17 map = 91%,  reduce = 0%, Cumulative CPU 219.45 sec
2017-09-26 10:20:49,772 Stage-17 map = 98%,  reduce = 0%, Cumulative CPU 227.06 sec
2017-09-26 10:20:50,829 Stage-17 map = 100%,  reduce = 0%, Cumulative CPU 227.75 sec
MapReduce Total cumulative CPU time: 3 minutes 47 seconds 750 msec
Ended Job = job_1506281836527_0074
Launching Job 5 out of 11
Number of reduce tasks is set to 0 since there's no reduce operator
Starting Job = job_1506281836527_0075, Tracking URL = http://vm-21-1:8088/proxy/application_1506281836527_0075/
Kill Command = /home/ubuntu/software/hadoop-2.6.0/bin/hadoop job  -kill job_1506281836527_0075
Hadoop job information for Stage-20: number of mappers: 51; number of reducers: 0
2017-09-26 10:20:59,535 Stage-20 map = 0%,  reduce = 0%
2017-09-26 10:21:11,290 Stage-20 map = 4%,  reduce = 0%, Cumulative CPU 84.07 sec
2017-09-26 10:21:14,482 Stage-20 map = 17%,  reduce = 0%, Cumulative CPU 111.19 sec
2017-09-26 10:21:16,609 Stage-20 map = 20%,  reduce = 0%, Cumulative CPU 117.47 sec
2017-09-26 10:21:17,674 Stage-20 map = 30%,  reduce = 0%, Cumulative CPU 140.32 sec
2017-09-26 10:21:18,746 Stage-20 map = 31%,  reduce = 0%, Cumulative CPU 142.39 sec
2017-09-26 10:21:27,161 Stage-20 map = 34%,  reduce = 0%, Cumulative CPU 175.43 sec
2017-09-26 10:21:28,215 Stage-20 map = 36%,  reduce = 0%, Cumulative CPU 212.8 sec
2017-09-26 10:21:29,268 Stage-20 map = 37%,  reduce = 0%, Cumulative CPU 225.24 sec
2017-09-26 10:21:30,318 Stage-20 map = 44%,  reduce = 0%, Cumulative CPU 240.72 sec
2017-09-26 10:21:31,365 Stage-20 map = 48%,  reduce = 0%, Cumulative CPU 249.73 sec
2017-09-26 10:21:32,416 Stage-20 map = 52%,  reduce = 0%, Cumulative CPU 254.71 sec
2017-09-26 10:21:33,475 Stage-20 map = 58%,  reduce = 0%, Cumulative CPU 268.58 sec
2017-09-26 10:21:34,534 Stage-20 map = 63%,  reduce = 0%, Cumulative CPU 271.95 sec
2017-09-26 10:21:37,672 Stage-20 map = 65%,  reduce = 0%, Cumulative CPU 279.06 sec
2017-09-26 10:21:40,820 Stage-20 map = 66%,  reduce = 0%, Cumulative CPU 285.15 sec
2017-09-26 10:21:41,874 Stage-20 map = 67%,  reduce = 0%, Cumulative CPU 297.74 sec
2017-09-26 10:21:42,940 Stage-20 map = 68%,  reduce = 0%, Cumulative CPU 303.46 sec
2017-09-26 10:21:43,992 Stage-20 map = 70%,  reduce = 0%, Cumulative CPU 335.96 sec
2017-09-26 10:21:45,074 Stage-20 map = 74%,  reduce = 0%, Cumulative CPU 351.52 sec
2017-09-26 10:21:46,133 Stage-20 map = 78%,  reduce = 0%, Cumulative CPU 370.56 sec
2017-09-26 10:21:47,189 Stage-20 map = 84%,  reduce = 0%, Cumulative CPU 381.81 sec
2017-09-26 10:21:48,259 Stage-20 map = 85%,  reduce = 0%, Cumulative CPU 384.6 sec
2017-09-26 10:21:49,331 Stage-20 map = 90%,  reduce = 0%, Cumulative CPU 396.08 sec
2017-09-26 10:21:50,390 Stage-20 map = 91%,  reduce = 0%, Cumulative CPU 398.37 sec
2017-09-26 10:21:51,443 Stage-20 map = 93%,  reduce = 0%, Cumulative CPU 408.16 sec
2017-09-26 10:21:53,560 Stage-20 map = 97%,  reduce = 0%, Cumulative CPU 417.93 sec
2017-09-26 10:21:54,623 Stage-20 map = 99%,  reduce = 0%, Cumulative CPU 423.1 sec
2017-09-26 10:21:55,689 Stage-20 map = 100%,  reduce = 0%, Cumulative CPU 423.77 sec
MapReduce Total cumulative CPU time: 7 minutes 3 seconds 770 msec
Ended Job = job_1506281836527_0075
Launching Job 6 out of 11
Number of reduce tasks is set to 0 since there's no reduce operator
Starting Job = job_1506281836527_0076, Tracking URL = http://vm-21-1:8088/proxy/application_1506281836527_0076/
Kill Command = /home/ubuntu/software/hadoop-2.6.0/bin/hadoop job  -kill job_1506281836527_0076
Hadoop job information for Stage-23: number of mappers: 75; number of reducers: 0
2017-09-26 10:22:03,233 Stage-23 map = 0%,  reduce = 0%
2017-09-26 10:22:18,167 Stage-23 map = 1%,  reduce = 0%, Cumulative CPU 90.71 sec
2017-09-26 10:22:19,244 Stage-23 map = 12%,  reduce = 0%, Cumulative CPU 122.86 sec
2017-09-26 10:22:20,290 Stage-23 map = 17%,  reduce = 0%, Cumulative CPU 131.07 sec
2017-09-26 10:22:21,351 Stage-23 map = 21%,  reduce = 0%, Cumulative CPU 142.18 sec
2017-09-26 10:22:32,907 Stage-23 map = 24%,  reduce = 0%, Cumulative CPU 232.11 sec
2017-09-26 10:22:33,970 Stage-23 map = 29%,  reduce = 0%, Cumulative CPU 250.96 sec
2017-09-26 10:22:35,032 Stage-23 map = 34%,  reduce = 0%, Cumulative CPU 260.74 sec
2017-09-26 10:22:36,115 Stage-23 map = 39%,  reduce = 0%, Cumulative CPU 270.47 sec
2017-09-26 10:22:37,160 Stage-23 map = 43%,  reduce = 0%, Cumulative CPU 278.19 sec
2017-09-26 10:22:44,512 Stage-23 map = 45%,  reduce = 0%, Cumulative CPU 302.32 sec
2017-09-26 10:22:45,570 Stage-23 map = 46%,  reduce = 0%, Cumulative CPU 313.4 sec
2017-09-26 10:22:46,628 Stage-23 map = 49%,  reduce = 0%, Cumulative CPU 339.83 sec
2017-09-26 10:22:47,686 Stage-23 map = 52%,  reduce = 0%, Cumulative CPU 370.89 sec
2017-09-26 10:22:48,755 Stage-23 map = 54%,  reduce = 0%, Cumulative CPU 379.78 sec
2017-09-26 10:22:49,808 Stage-23 map = 57%,  reduce = 0%, Cumulative CPU 395.62 sec
2017-09-26 10:22:50,867 Stage-23 map = 61%,  reduce = 0%, Cumulative CPU 401.18 sec
2017-09-26 10:22:51,918 Stage-23 map = 62%,  reduce = 0%, Cumulative CPU 404.72 sec
2017-09-26 10:22:52,975 Stage-23 map = 63%,  reduce = 0%, Cumulative CPU 407.09 sec
2017-09-26 10:22:54,033 Stage-23 map = 64%,  reduce = 0%, Cumulative CPU 408.46 sec
2017-09-26 10:22:55,082 Stage-23 map = 65%,  reduce = 0%, Cumulative CPU 415.55 sec
2017-09-26 10:22:56,136 Stage-23 map = 66%,  reduce = 0%, Cumulative CPU 421.76 sec
2017-09-26 10:22:58,261 Stage-23 map = 68%,  reduce = 0%, Cumulative CPU 441.28 sec
2017-09-26 10:22:59,324 Stage-23 map = 70%,  reduce = 0%, Cumulative CPU 462.27 sec
2017-09-26 10:23:00,381 Stage-23 map = 74%,  reduce = 0%, Cumulative CPU 483.18 sec
2017-09-26 10:23:01,437 Stage-23 map = 75%,  reduce = 0%, Cumulative CPU 490.79 sec
2017-09-26 10:23:02,491 Stage-23 map = 77%,  reduce = 0%, Cumulative CPU 500.69 sec
2017-09-26 10:23:03,543 Stage-23 map = 80%,  reduce = 0%, Cumulative CPU 516.71 sec
2017-09-26 10:23:04,599 Stage-23 map = 82%,  reduce = 0%, Cumulative CPU 519.39 sec
2017-09-26 10:23:05,651 Stage-23 map = 85%,  reduce = 0%, Cumulative CPU 534.43 sec
2017-09-26 10:23:06,702 Stage-23 map = 86%,  reduce = 0%, Cumulative CPU 537.13 sec
2017-09-26 10:23:07,766 Stage-23 map = 87%,  reduce = 0%, Cumulative CPU 544.43 sec
2017-09-26 10:23:08,819 Stage-23 map = 89%,  reduce = 0%, Cumulative CPU 554.6 sec
2017-09-26 10:23:09,878 Stage-23 map = 90%,  reduce = 0%, Cumulative CPU 563.01 sec
2017-09-26 10:23:10,947 Stage-23 map = 93%,  reduce = 0%, Cumulative CPU 570.73 sec
2017-09-26 10:23:14,115 Stage-23 map = 94%,  reduce = 0%, Cumulative CPU 612.69 sec
2017-09-26 10:23:15,176 Stage-23 map = 95%,  reduce = 0%, Cumulative CPU 616.89 sec
2017-09-26 10:23:16,239 Stage-23 map = 97%,  reduce = 0%, Cumulative CPU 624.16 sec
2017-09-26 10:23:17,299 Stage-23 map = 99%,  reduce = 0%, Cumulative CPU 627.47 sec
2017-09-26 10:23:18,367 Stage-23 map = 100%,  reduce = 0%, Cumulative CPU 629.28 sec
MapReduce Total cumulative CPU time: 10 minutes 29 seconds 280 msec
Ended Job = job_1506281836527_0076
Stage-27 is filtered out by condition resolver.
Stage-28 is selected by condition resolver.
Stage-2 is filtered out by condition resolver.
SLF4J: Class path contains multiple SLF4J bindings.
SLF4J: Found binding in [jar:file:/home/ubuntu/software/tez-0.7.1-SNAPSHOT-minimal/lib/slf4j-log4j12-1.7.5.jar!/org/slf4j/impl/StaticLoggerBinder.class]
SLF4J: Found binding in [jar:file:/home/ubuntu/software/hadoop-2.6.0/share/hadoop/common/lib/slf4j-log4j12-1.7.5.jar!/org/slf4j/impl/StaticLoggerBinder.class]
SLF4J: See http://www.slf4j.org/codes.html#multiple_bindings for an explanation.
SLF4J: Actual binding is of type [org.slf4j.impl.Log4jLoggerFactory]
Execution log at: /tmp/ubuntu/ubuntu_20170926101939_22aaa33e-779d-4d09-9538-bfcd09abd32c.log
2017-09-26 10:23:22	Starting to launch local task to process map join;	maximum memory = 932184064
2017-09-26 10:23:23	Dump the side-table for tag: 0 with group count: 1133 into file: file:/tmp/ubuntu/adf23771-f298-43c3-a140-8eaac905fcf6/hive_2017-09-26_10-19-39_520_2687077279668633947-1/-local-10014/HashTable-Stage-15/MapJoin-mapfile20--.hashtable
2017-09-26 10:23:24	Uploaded 1 File to: file:/tmp/ubuntu/adf23771-f298-43c3-a140-8eaac905fcf6/hive_2017-09-26_10-19-39_520_2687077279668633947-1/-local-10014/HashTable-Stage-15/MapJoin-mapfile20--.hashtable (48343 bytes)
2017-09-26 10:23:24	End of local task; Time Taken: 1.46 sec.
Execution completed successfully
MapredLocal task succeeded
Launching Job 8 out of 11
Number of reduce tasks is set to 0 since there's no reduce operator
Starting Job = job_1506281836527_0077, Tracking URL = http://vm-21-1:8088/proxy/application_1506281836527_0077/
Kill Command = /home/ubuntu/software/hadoop-2.6.0/bin/hadoop job  -kill job_1506281836527_0077
Hadoop job information for Stage-15: number of mappers: 12; number of reducers: 0
2017-09-26 10:23:31,344 Stage-15 map = 0%,  reduce = 0%
2017-09-26 10:23:39,823 Stage-15 map = 25%,  reduce = 0%, Cumulative CPU 4.34 sec
2017-09-26 10:23:40,893 Stage-15 map = 50%,  reduce = 0%, Cumulative CPU 12.67 sec
2017-09-26 10:23:41,948 Stage-15 map = 75%,  reduce = 0%, Cumulative CPU 25.57 sec
2017-09-26 10:23:43,004 Stage-15 map = 92%,  reduce = 0%, Cumulative CPU 36.82 sec
2017-09-26 10:23:44,060 Stage-15 map = 95%,  reduce = 0%, Cumulative CPU 42.97 sec
2017-09-26 10:23:45,118 Stage-15 map = 100%,  reduce = 0%, Cumulative CPU 43.9 sec
MapReduce Total cumulative CPU time: 43 seconds 900 msec
Ended Job = job_1506281836527_0077
SLF4J: Class path contains multiple SLF4J bindings.
SLF4J: Found binding in [jar:file:/home/ubuntu/software/tez-0.7.1-SNAPSHOT-minimal/lib/slf4j-log4j12-1.7.5.jar!/org/slf4j/impl/StaticLoggerBinder.class]
SLF4J: Found binding in [jar:file:/home/ubuntu/software/hadoop-2.6.0/share/hadoop/common/lib/slf4j-log4j12-1.7.5.jar!/org/slf4j/impl/StaticLoggerBinder.class]
SLF4J: See http://www.slf4j.org/codes.html#multiple_bindings for an explanation.
SLF4J: Actual binding is of type [org.slf4j.impl.Log4jLoggerFactory]
Execution log at: /tmp/ubuntu/ubuntu_20170926101939_22aaa33e-779d-4d09-9538-bfcd09abd32c.log
2017-09-26 10:23:49	Starting to launch local task to process map join;	maximum memory = 932184064
2017-09-26 10:23:50	Dump the side-table for tag: 1 with group count: 25200 into file: file:/tmp/ubuntu/adf23771-f298-43c3-a140-8eaac905fcf6/hive_2017-09-26_10-19-39_520_2687077279668633947-1/-local-10010/HashTable-Stage-4/MapJoin-mapfile01--.hashtable
2017-09-26 10:23:50	Uploaded 1 File to: file:/tmp/ubuntu/adf23771-f298-43c3-a140-8eaac905fcf6/hive_2017-09-26_10-19-39_520_2687077279668633947-1/-local-10010/HashTable-Stage-4/MapJoin-mapfile01--.hashtable (589187 bytes)
2017-09-26 10:23:50	End of local task; Time Taken: 1.717 sec.
Execution completed successfully
MapredLocal task succeeded
Launching Job 9 out of 11
Number of reduce tasks not specified. Estimated from input data size: 1
In order to change the average load for a reducer (in bytes):
  set hive.exec.reducers.bytes.per.reducer=<number>
In order to limit the maximum number of reducers:
  set hive.exec.reducers.max=<number>
In order to set a constant number of reducers:
  set mapreduce.job.reduces=<number>
Starting Job = job_1506281836527_0078, Tracking URL = http://vm-21-1:8088/proxy/application_1506281836527_0078/
Kill Command = /home/ubuntu/software/hadoop-2.6.0/bin/hadoop job  -kill job_1506281836527_0078
Hadoop job information for Stage-4: number of mappers: 3; number of reducers: 1
2017-09-26 10:23:58,049 Stage-4 map = 0%,  reduce = 0%
2017-09-26 10:24:06,493 Stage-4 map = 33%,  reduce = 0%, Cumulative CPU 4.01 sec
2017-09-26 10:24:07,561 Stage-4 map = 100%,  reduce = 0%, Cumulative CPU 15.6 sec
2017-09-26 10:24:13,888 Stage-4 map = 100%,  reduce = 100%, Cumulative CPU 19.9 sec
MapReduce Total cumulative CPU time: 19 seconds 900 msec
Ended Job = job_1506281836527_0078
Launching Job 10 out of 11
Number of reduce tasks determined at compile time: 1
In order to change the average load for a reducer (in bytes):
  set hive.exec.reducers.bytes.per.reducer=<number>
In order to limit the maximum number of reducers:
  set hive.exec.reducers.max=<number>
In order to set a constant number of reducers:
  set mapreduce.job.reduces=<number>
Starting Job = job_1506281836527_0079, Tracking URL = http://vm-21-1:8088/proxy/application_1506281836527_0079/
Kill Command = /home/ubuntu/software/hadoop-2.6.0/bin/hadoop job  -kill job_1506281836527_0079
Hadoop job information for Stage-5: number of mappers: 1; number of reducers: 1
2017-09-26 10:24:20,217 Stage-5 map = 0%,  reduce = 0%
2017-09-26 10:24:26,593 Stage-5 map = 100%,  reduce = 0%, Cumulative CPU 3.6 sec
2017-09-26 10:24:31,894 Stage-5 map = 100%,  reduce = 100%, Cumulative CPU 7.3 sec
MapReduce Total cumulative CPU time: 7 seconds 300 msec
Ended Job = job_1506281836527_0079
MapReduce Jobs Launched: 
Stage-Stage-17: Map: 26   Cumulative CPU: 227.75 sec   HDFS Read: 7607696668 HDFS Write: 33559290 SUCCESS
Stage-Stage-20: Map: 51   Cumulative CPU: 423.77 sec   HDFS Read: 15206657057 HDFS Write: 66584461 SUCCESS
Stage-Stage-23: Map: 75   Cumulative CPU: 629.28 sec   HDFS Read: 20137317321 HDFS Write: 124611133 SUCCESS
Stage-Stage-15: Map: 12   Cumulative CPU: 43.9 sec   HDFS Read: 224890976 HDFS Write: 6872304 SUCCESS
Stage-Stage-4: Map: 3  Reduce: 1   Cumulative CPU: 19.9 sec   HDFS Read: 6906043 HDFS Write: 1797898 SUCCESS
Stage-Stage-5: Map: 1  Reduce: 1   Cumulative CPU: 7.3 sec   HDFS Read: 1803124 HDFS Write: 1756938 SUCCESS
Total MapReduce CPU Time Spent: 22 minutes 31 seconds 900 msec
OK
Time taken: 294.58 seconds, Fetched: 36951 row(s)
