Nov 05, 2017 9:50:39 PM carbyne.simulator.Main main
INFO: Start simulation ...
Nov 05, 2017 9:50:39 PM carbyne.datastructures.StageDag readDags
INFO: readDags; num.dags:3
Nov 05, 2017 9:50:39 PM carbyne.datastructures.StageDag readDags
FINE: DAG name: 0
Nov 05, 2017 9:50:39 PM carbyne.datastructures.StageDag readDags
FINE: DAG name: 1
Nov 05, 2017 9:50:39 PM carbyne.cluster.Machine <init>
INFO: Initialize machine: 0 size:Resources: [10.0 10.0 10.0 10.0 10.0 10.0 ] execMode:true
Nov 05, 2017 9:50:39 PM carbyne.cluster.Machine <init>
INFO: Initialize machine: 1 size:Resources: [10.0 10.0 10.0 10.0 10.0 10.0 ] execMode:true
Nov 05, 2017 9:50:39 PM carbyne.cluster.Machine <init>
INFO: Initialize machine: 2 size:Resources: [10.0 10.0 10.0 10.0 10.0 10.0 ] execMode:true
Nov 05, 2017 9:50:39 PM carbyne.cluster.Machine <init>
INFO: Initialize machine: 3 size:Resources: [10.0 10.0 10.0 10.0 10.0 10.0 ] execMode:true
Nov 05, 2017 9:50:39 PM carbyne.simulator.Simulator simulate
INFO: 
==== STEP_TIME:0.0 ====

Nov 05, 2017 9:50:39 PM carbyne.simulator.Simulator simulate
INFO: [Simulator]: jobCompleted:false newJobArrivals:true
Nov 05, 2017 9:50:39 PM carbyne.sharepolicies.FairSharePolicy computeResShare
FINE: Allocated to job:0 share:Resources: [20.0 20.0 20.0 20.0 20.0 20.0 ]
Nov 05, 2017 9:50:39 PM carbyne.sharepolicies.FairSharePolicy computeResShare
FINE: Allocated to job:1 share:Resources: [20.0 20.0 20.0 20.0 20.0 20.0 ]
Nov 05, 2017 9:50:39 PM carbyne.simulator.Simulator simulate
INFO: Running jobs size:2
Nov 05, 2017 9:50:39 PM carbyne.simulator.Simulator simulate
FINE: [Simulator]: intra scheduleDag for:0
Nov 05, 2017 9:50:39 PM carbyne.simulator.Simulator simulate
FINE: [Simulator]: intra scheduleDag for:1
Nov 05, 2017 9:50:39 PM carbyne.simulator.Simulator simulate
FINE: [Simulator]: START work conserving; clusterAvail:Resources: [38.4 40.0 40.0 40.0 40.0 40.0 ]
Nov 05, 2017 9:50:39 PM carbyne.simulator.Simulator simulate
INFO: [Simulator]: END work conserving; clusterAvail:Resources: [38.4 40.0 40.0 40.0 40.0 40.0 ]
Nov 05, 2017 9:50:39 PM carbyne.simulator.Simulator simulate
INFO: 
==== END STEP_TIME:0.0 ====

Nov 05, 2017 9:50:39 PM carbyne.simulator.Simulator simulate
INFO: 
==== STEP_TIME:1.0 ====

Nov 05, 2017 9:50:39 PM carbyne.datastructures.StageDag finishTasks
FINE: Task 6 is now runnable.
Nov 05, 2017 9:50:39 PM carbyne.simulator.Simulator simulate
INFO: [Simulator]: jobCompleted:true newJobArrivals:false
Nov 05, 2017 9:50:39 PM carbyne.sharepolicies.FairSharePolicy computeResShare
FINE: Allocated to job:0 share:Resources: [40.0 40.0 40.0 40.0 40.0 40.0 ]
Nov 05, 2017 9:50:39 PM carbyne.simulator.Simulator simulate
INFO: Running jobs size:1
Nov 05, 2017 9:50:39 PM carbyne.simulator.Simulator simulate
FINE: [Simulator]: intra scheduleDag for:0
Nov 05, 2017 9:50:39 PM carbyne.simulator.Simulator simulate
FINE: [Simulator]: START work conserving; clusterAvail:Resources: [39.9 40.0 40.0 40.0 40.0 40.0 ]
Nov 05, 2017 9:50:39 PM carbyne.simulator.Simulator simulate
INFO: [Simulator]: END work conserving; clusterAvail:Resources: [39.9 40.0 40.0 40.0 40.0 40.0 ]
Nov 05, 2017 9:50:39 PM carbyne.simulator.Simulator simulate
INFO: 
==== END STEP_TIME:1.0 ====

Nov 05, 2017 9:50:39 PM carbyne.simulator.Simulator simulate
INFO: 
==== STEP_TIME:2.0 ====

Nov 05, 2017 9:50:39 PM carbyne.simulator.Main main
INFO: End simulation ...
