
Logging initialized using configuration in jar:file:/home/ubuntu/software/hive-1.2.1/lib/hive-common-1.2.1.jar!/hive-log4j.properties
Hive history file=/tmp/ubuntu/hive_job_log_039b92ba-988a-4937-a5d7-c0dd956a04c8_619219914.txt
SLF4J: Class path contains multiple SLF4J bindings.
SLF4J: Found binding in [jar:file:/home/ubuntu/software/tez-0.7.1-SNAPSHOT-minimal/lib/slf4j-log4j12-1.7.5.jar!/org/slf4j/impl/StaticLoggerBinder.class]
SLF4J: Found binding in [jar:file:/home/ubuntu/software/hadoop-2.6.0/share/hadoop/common/lib/slf4j-log4j12-1.7.5.jar!/org/slf4j/impl/StaticLoggerBinder.class]
SLF4J: See http://www.slf4j.org/codes.html#multiple_bindings for an explanation.
SLF4J: Actual binding is of type [org.slf4j.impl.Log4jLoggerFactory]
OK
Time taken: 1.301 seconds
Query ID = ubuntu_20170926101131_d749b123-b5a6-4190-8cd1-0b124e74a2a3
Total jobs = 10
Stage-1 is selected by condition resolver.
Launching Job 1 out of 10
Number of reduce tasks not specified. Estimated from input data size: 86
In order to change the average load for a reducer (in bytes):
  set hive.exec.reducers.bytes.per.reducer=<number>
In order to limit the maximum number of reducers:
  set hive.exec.reducers.max=<number>
In order to set a constant number of reducers:
  set mapreduce.job.reduces=<number>
Starting Job = job_1506281836527_0068, Tracking URL = http://vm-21-1:8088/proxy/application_1506281836527_0068/
Kill Command = /home/ubuntu/software/hadoop-2.6.0/bin/hadoop job  -kill job_1506281836527_0068
Hadoop job information for Stage-1: number of mappers: 82; number of reducers: 86
2017-09-26 10:11:52,631 Stage-1 map = 0%,  reduce = 0%
2017-09-26 10:12:08,621 Stage-1 map = 2%,  reduce = 0%, Cumulative CPU 36.81 sec
2017-09-26 10:12:11,812 Stage-1 map = 3%,  reduce = 0%, Cumulative CPU 126.2 sec
2017-09-26 10:12:13,978 Stage-1 map = 4%,  reduce = 0%, Cumulative CPU 158.7 sec
2017-09-26 10:12:15,046 Stage-1 map = 7%,  reduce = 0%, Cumulative CPU 172.56 sec
2017-09-26 10:12:16,129 Stage-1 map = 10%,  reduce = 0%, Cumulative CPU 192.52 sec
2017-09-26 10:12:18,265 Stage-1 map = 12%,  reduce = 0%, Cumulative CPU 209.97 sec
2017-09-26 10:12:19,358 Stage-1 map = 15%,  reduce = 0%, Cumulative CPU 227.0 sec
2017-09-26 10:12:20,421 Stage-1 map = 17%,  reduce = 0%, Cumulative CPU 235.93 sec
2017-09-26 10:12:22,567 Stage-1 map = 18%,  reduce = 0%, Cumulative CPU 258.35 sec
2017-09-26 10:12:23,628 Stage-1 map = 19%,  reduce = 0%, Cumulative CPU 268.03 sec
2017-09-26 10:12:24,704 Stage-1 map = 20%,  reduce = 0%, Cumulative CPU 270.11 sec
2017-09-26 10:12:30,083 Stage-1 map = 21%,  reduce = 0%, Cumulative CPU 310.12 sec
2017-09-26 10:12:31,143 Stage-1 map = 22%,  reduce = 0%, Cumulative CPU 341.96 sec
2017-09-26 10:12:33,267 Stage-1 map = 23%,  reduce = 0%, Cumulative CPU 369.37 sec
2017-09-26 10:12:34,325 Stage-1 map = 25%,  reduce = 0%, Cumulative CPU 385.66 sec
2017-09-26 10:12:35,400 Stage-1 map = 26%,  reduce = 0%, Cumulative CPU 401.21 sec
2017-09-26 10:12:36,462 Stage-1 map = 28%,  reduce = 0%, Cumulative CPU 426.96 sec
2017-09-26 10:12:37,514 Stage-1 map = 30%,  reduce = 0%, Cumulative CPU 439.68 sec
2017-09-26 10:12:39,621 Stage-1 map = 33%,  reduce = 0%, Cumulative CPU 462.02 sec
2017-09-26 10:12:40,684 Stage-1 map = 34%,  reduce = 0%, Cumulative CPU 474.07 sec
2017-09-26 10:12:41,740 Stage-1 map = 36%,  reduce = 0%, Cumulative CPU 483.45 sec
2017-09-26 10:12:42,813 Stage-1 map = 37%,  reduce = 0%, Cumulative CPU 493.94 sec
2017-09-26 10:12:43,882 Stage-1 map = 39%,  reduce = 0%, Cumulative CPU 509.18 sec
2017-09-26 10:12:51,296 Stage-1 map = 40%,  reduce = 0%, Cumulative CPU 552.06 sec
2017-09-26 10:12:53,412 Stage-1 map = 41%,  reduce = 0%, Cumulative CPU 584.19 sec
2017-09-26 10:12:54,488 Stage-1 map = 43%,  reduce = 0%, Cumulative CPU 616.14 sec
2017-09-26 10:12:55,552 Stage-1 map = 44%,  reduce = 0%, Cumulative CPU 640.6 sec
2017-09-26 10:12:57,653 Stage-1 map = 45%,  reduce = 0%, Cumulative CPU 670.51 sec
2017-09-26 10:12:58,708 Stage-1 map = 47%,  reduce = 0%, Cumulative CPU 685.9 sec
2017-09-26 10:12:59,762 Stage-1 map = 49%,  reduce = 0%, Cumulative CPU 697.38 sec
2017-09-26 10:13:00,823 Stage-1 map = 51%,  reduce = 0%, Cumulative CPU 711.07 sec
2017-09-26 10:13:01,885 Stage-1 map = 53%,  reduce = 0%, Cumulative CPU 723.32 sec
2017-09-26 10:13:02,978 Stage-1 map = 54%,  reduce = 0%, Cumulative CPU 732.59 sec
2017-09-26 10:13:04,042 Stage-1 map = 55%,  reduce = 0%, Cumulative CPU 740.57 sec
2017-09-26 10:13:05,110 Stage-1 map = 57%,  reduce = 0%, Cumulative CPU 746.84 sec
2017-09-26 10:13:07,243 Stage-1 map = 58%,  reduce = 0%, Cumulative CPU 764.79 sec
2017-09-26 10:13:08,316 Stage-1 map = 59%,  reduce = 0%, Cumulative CPU 773.89 sec
2017-09-26 10:13:12,619 Stage-1 map = 60%,  reduce = 0%, Cumulative CPU 825.92 sec
2017-09-26 10:13:15,765 Stage-1 map = 63%,  reduce = 0%, Cumulative CPU 875.7 sec
2017-09-26 10:13:18,937 Stage-1 map = 67%,  reduce = 0%, Cumulative CPU 919.18 sec
2017-09-26 10:13:21,043 Stage-1 map = 70%,  reduce = 0%, Cumulative CPU 951.47 sec
2017-09-26 10:13:22,104 Stage-1 map = 71%,  reduce = 0%, Cumulative CPU 959.66 sec
2017-09-26 10:13:23,167 Stage-1 map = 72%,  reduce = 0%, Cumulative CPU 968.29 sec
2017-09-26 10:13:24,218 Stage-1 map = 73%,  reduce = 0%, Cumulative CPU 974.31 sec
2017-09-26 10:13:25,273 Stage-1 map = 74%,  reduce = 0%, Cumulative CPU 984.26 sec
2017-09-26 10:13:26,337 Stage-1 map = 76%,  reduce = 0%, Cumulative CPU 999.81 sec
2017-09-26 10:13:28,441 Stage-1 map = 78%,  reduce = 0%, Cumulative CPU 1018.71 sec
2017-09-26 10:13:29,496 Stage-1 map = 79%,  reduce = 0%, Cumulative CPU 1029.75 sec
2017-09-26 10:13:33,709 Stage-1 map = 80%,  reduce = 0%, Cumulative CPU 1072.8 sec
2017-09-26 10:13:34,762 Stage-1 map = 81%,  reduce = 0%, Cumulative CPU 1089.45 sec
2017-09-26 10:13:36,865 Stage-1 map = 82%,  reduce = 0%, Cumulative CPU 1109.61 sec
2017-09-26 10:13:37,942 Stage-1 map = 83%,  reduce = 0%, Cumulative CPU 1122.89 sec
2017-09-26 10:13:38,998 Stage-1 map = 85%,  reduce = 0%, Cumulative CPU 1139.01 sec
2017-09-26 10:13:41,139 Stage-1 map = 87%,  reduce = 0%, Cumulative CPU 1181.82 sec
2017-09-26 10:13:42,203 Stage-1 map = 89%,  reduce = 0%, Cumulative CPU 1191.43 sec
2017-09-26 10:13:43,261 Stage-1 map = 90%,  reduce = 0%, Cumulative CPU 1208.96 sec
2017-09-26 10:13:45,371 Stage-1 map = 91%,  reduce = 0%, Cumulative CPU 1219.64 sec
2017-09-26 10:13:46,433 Stage-1 map = 93%,  reduce = 0%, Cumulative CPU 1232.63 sec
2017-09-26 10:13:47,514 Stage-1 map = 94%,  reduce = 0%, Cumulative CPU 1237.7 sec
2017-09-26 10:13:49,623 Stage-1 map = 96%,  reduce = 0%, Cumulative CPU 1257.29 sec
2017-09-26 10:13:50,696 Stage-1 map = 97%,  reduce = 0%, Cumulative CPU 1261.25 sec
2017-09-26 10:13:52,809 Stage-1 map = 99%,  reduce = 0%, Cumulative CPU 1281.54 sec
2017-09-26 10:13:53,867 Stage-1 map = 100%,  reduce = 0%, Cumulative CPU 1283.06 sec
2017-09-26 10:14:04,440 Stage-1 map = 100%,  reduce = 3%, Cumulative CPU 1295.58 sec
2017-09-26 10:14:05,509 Stage-1 map = 100%,  reduce = 4%, Cumulative CPU 1307.66 sec
2017-09-26 10:14:06,570 Stage-1 map = 100%,  reduce = 8%, Cumulative CPU 1332.62 sec
2017-09-26 10:14:07,625 Stage-1 map = 100%,  reduce = 12%, Cumulative CPU 1361.81 sec
2017-09-26 10:14:08,682 Stage-1 map = 100%,  reduce = 13%, Cumulative CPU 1365.14 sec
2017-09-26 10:14:09,735 Stage-1 map = 100%,  reduce = 17%, Cumulative CPU 1397.18 sec
2017-09-26 10:14:10,765 Stage-1 map = 100%,  reduce = 18%, Cumulative CPU 1404.19 sec
2017-09-26 10:14:11,826 Stage-1 map = 100%,  reduce = 19%, Cumulative CPU 1407.68 sec
2017-09-26 10:14:17,065 Stage-1 map = 100%,  reduce = 21%, Cumulative CPU 1427.03 sec
2017-09-26 10:14:18,123 Stage-1 map = 100%,  reduce = 25%, Cumulative CPU 1453.69 sec
2017-09-26 10:14:19,173 Stage-1 map = 100%,  reduce = 26%, Cumulative CPU 1461.36 sec
2017-09-26 10:14:20,224 Stage-1 map = 100%,  reduce = 32%, Cumulative CPU 1501.21 sec
2017-09-26 10:14:21,282 Stage-1 map = 100%,  reduce = 34%, Cumulative CPU 1514.27 sec
2017-09-26 10:14:22,332 Stage-1 map = 100%,  reduce = 35%, Cumulative CPU 1521.52 sec
2017-09-26 10:14:23,387 Stage-1 map = 100%,  reduce = 37%, Cumulative CPU 1535.47 sec
2017-09-26 10:14:28,640 Stage-1 map = 100%,  reduce = 38%, Cumulative CPU 1542.42 sec
2017-09-26 10:14:29,699 Stage-1 map = 100%,  reduce = 41%, Cumulative CPU 1561.49 sec
2017-09-26 10:14:30,753 Stage-1 map = 100%,  reduce = 44%, Cumulative CPU 1586.75 sec
2017-09-26 10:14:31,806 Stage-1 map = 100%,  reduce = 46%, Cumulative CPU 1595.84 sec
2017-09-26 10:14:32,855 Stage-1 map = 100%,  reduce = 51%, Cumulative CPU 1630.08 sec
2017-09-26 10:14:33,916 Stage-1 map = 100%,  reduce = 53%, Cumulative CPU 1643.33 sec
2017-09-26 10:14:34,974 Stage-1 map = 100%,  reduce = 55%, Cumulative CPU 1658.33 sec
2017-09-26 10:14:37,076 Stage-1 map = 100%,  reduce = 56%, Cumulative CPU 1664.9 sec
2017-09-26 10:14:41,306 Stage-1 map = 100%,  reduce = 57%, Cumulative CPU 1676.82 sec
2017-09-26 10:14:42,366 Stage-1 map = 100%,  reduce = 61%, Cumulative CPU 1701.05 sec
2017-09-26 10:14:43,425 Stage-1 map = 100%,  reduce = 63%, Cumulative CPU 1714.03 sec
2017-09-26 10:14:44,482 Stage-1 map = 100%,  reduce = 66%, Cumulative CPU 1734.55 sec
2017-09-26 10:14:45,540 Stage-1 map = 100%,  reduce = 68%, Cumulative CPU 1747.22 sec
2017-09-26 10:14:46,601 Stage-1 map = 100%,  reduce = 72%, Cumulative CPU 1776.12 sec
2017-09-26 10:14:47,659 Stage-1 map = 100%,  reduce = 74%, Cumulative CPU 1786.18 sec
2017-09-26 10:14:53,990 Stage-1 map = 100%,  reduce = 79%, Cumulative CPU 1819.26 sec
2017-09-26 10:14:55,070 Stage-1 map = 100%,  reduce = 81%, Cumulative CPU 1828.93 sec
2017-09-26 10:14:56,130 Stage-1 map = 100%,  reduce = 82%, Cumulative CPU 1841.04 sec
2017-09-26 10:14:57,199 Stage-1 map = 100%,  reduce = 86%, Cumulative CPU 1868.91 sec
2017-09-26 10:14:58,250 Stage-1 map = 100%,  reduce = 89%, Cumulative CPU 1889.18 sec
2017-09-26 10:14:59,305 Stage-1 map = 100%,  reduce = 91%, Cumulative CPU 1904.75 sec
2017-09-26 10:15:00,362 Stage-1 map = 100%,  reduce = 93%, Cumulative CPU 1914.12 sec
2017-09-26 10:15:04,569 Stage-1 map = 100%,  reduce = 95%, Cumulative CPU 1930.23 sec
2017-09-26 10:15:05,635 Stage-1 map = 100%,  reduce = 98%, Cumulative CPU 1946.44 sec
2017-09-26 10:15:06,686 Stage-1 map = 100%,  reduce = 100%, Cumulative CPU 1962.38 sec
MapReduce Total cumulative CPU time: 32 minutes 42 seconds 380 msec
Ended Job = job_1506281836527_0068
SLF4J: Class path contains multiple SLF4J bindings.
SLF4J: Found binding in [jar:file:/home/ubuntu/software/tez-0.7.1-SNAPSHOT-minimal/lib/slf4j-log4j12-1.7.5.jar!/org/slf4j/impl/StaticLoggerBinder.class]
SLF4J: Found binding in [jar:file:/home/ubuntu/software/hadoop-2.6.0/share/hadoop/common/lib/slf4j-log4j12-1.7.5.jar!/org/slf4j/impl/StaticLoggerBinder.class]
SLF4J: See http://www.slf4j.org/codes.html#multiple_bindings for an explanation.
SLF4J: Actual binding is of type [org.slf4j.impl.Log4jLoggerFactory]
Execution log at: /tmp/ubuntu/ubuntu_20170926101131_d749b123-b5a6-4190-8cd1-0b124e74a2a3.log
2017-09-26 10:15:11	Starting to launch local task to process map join;	maximum memory = 932184064
2017-09-26 10:15:12	Dump the side-table for tag: 1 with group count: 144 into file: file:/tmp/ubuntu/039b92ba-988a-4937-a5d7-c0dd956a04c8/hive_2017-09-26_10-11-31_613_2830747937931580814-1/-local-10017/HashTable-Stage-17/MapJoin-mapfile41--.hashtable
2017-09-26 10:15:12	Uploaded 1 File to: file:/tmp/ubuntu/039b92ba-988a-4937-a5d7-c0dd956a04c8/hive_2017-09-26_10-11-31_613_2830747937931580814-1/-local-10017/HashTable-Stage-17/MapJoin-mapfile41--.hashtable (13095 bytes)
2017-09-26 10:15:12	End of local task; Time Taken: 1.306 sec.
Execution completed successfully
MapredLocal task succeeded
Launching Job 2 out of 10
Number of reduce tasks is set to 0 since there's no reduce operator
Starting Job = job_1506281836527_0069, Tracking URL = http://vm-21-1:8088/proxy/application_1506281836527_0069/
Kill Command = /home/ubuntu/software/hadoop-2.6.0/bin/hadoop job  -kill job_1506281836527_0069
Hadoop job information for Stage-17: number of mappers: 4; number of reducers: 0
2017-09-26 10:15:19,685 Stage-17 map = 0%,  reduce = 0%
2017-09-26 10:15:31,298 Stage-17 map = 21%,  reduce = 0%, Cumulative CPU 22.71 sec
2017-09-26 10:15:34,464 Stage-17 map = 41%,  reduce = 0%, Cumulative CPU 34.0 sec
2017-09-26 10:15:37,663 Stage-17 map = 62%,  reduce = 0%, Cumulative CPU 45.42 sec
2017-09-26 10:15:40,828 Stage-17 map = 85%,  reduce = 0%, Cumulative CPU 57.17 sec
2017-09-26 10:15:41,890 Stage-17 map = 88%,  reduce = 0%, Cumulative CPU 58.34 sec
2017-09-26 10:15:42,947 Stage-17 map = 93%,  reduce = 0%, Cumulative CPU 61.77 sec
2017-09-26 10:15:44,006 Stage-17 map = 100%,  reduce = 0%, Cumulative CPU 64.66 sec
MapReduce Total cumulative CPU time: 1 minutes 4 seconds 660 msec
Ended Job = job_1506281836527_0069
Stage-23 is selected by condition resolver.
Stage-24 is filtered out by condition resolver.
Stage-3 is filtered out by condition resolver.
SLF4J: Class path contains multiple SLF4J bindings.
SLF4J: Found binding in [jar:file:/home/ubuntu/software/tez-0.7.1-SNAPSHOT-minimal/lib/slf4j-log4j12-1.7.5.jar!/org/slf4j/impl/StaticLoggerBinder.class]
SLF4J: Found binding in [jar:file:/home/ubuntu/software/hadoop-2.6.0/share/hadoop/common/lib/slf4j-log4j12-1.7.5.jar!/org/slf4j/impl/StaticLoggerBinder.class]
SLF4J: See http://www.slf4j.org/codes.html#multiple_bindings for an explanation.
SLF4J: Actual binding is of type [org.slf4j.impl.Log4jLoggerFactory]
Execution log at: /tmp/ubuntu/ubuntu_20170926101131_d749b123-b5a6-4190-8cd1-0b124e74a2a3.log
2017-09-26 10:15:48	Starting to launch local task to process map join;	maximum memory = 932184064
2017-09-26 10:15:49	Dump the side-table for tag: 1 with group count: 73049 into file: file:/tmp/ubuntu/039b92ba-988a-4937-a5d7-c0dd956a04c8/hive_2017-09-26_10-11-31_613_2830747937931580814-1/-local-10013/HashTable-Stage-14/MapJoin-mapfile21--.hashtable
2017-09-26 10:15:49	Uploaded 1 File to: file:/tmp/ubuntu/039b92ba-988a-4937-a5d7-c0dd956a04c8/hive_2017-09-26_10-11-31_613_2830747937931580814-1/-local-10013/HashTable-Stage-14/MapJoin-mapfile21--.hashtable (1541779 bytes)
2017-09-26 10:15:49	End of local task; Time Taken: 1.405 sec.
Execution completed successfully
MapredLocal task succeeded
Launching Job 4 out of 10
Number of reduce tasks is set to 0 since there's no reduce operator
Starting Job = job_1506281836527_0070, Tracking URL = http://vm-21-1:8088/proxy/application_1506281836527_0070/
Kill Command = /home/ubuntu/software/hadoop-2.6.0/bin/hadoop job  -kill job_1506281836527_0070
Hadoop job information for Stage-14: number of mappers: 5; number of reducers: 0
2017-09-26 10:15:57,745 Stage-14 map = 0%,  reduce = 0%
2017-09-26 10:16:07,367 Stage-14 map = 20%,  reduce = 0%, Cumulative CPU 4.34 sec
2017-09-26 10:16:08,424 Stage-14 map = 23%,  reduce = 0%, Cumulative CPU 14.19 sec
2017-09-26 10:16:09,496 Stage-14 map = 25%,  reduce = 0%, Cumulative CPU 32.23 sec
2017-09-26 10:16:12,667 Stage-14 map = 27%,  reduce = 0%, Cumulative CPU 45.83 sec
2017-09-26 10:16:15,841 Stage-14 map = 37%,  reduce = 0%, Cumulative CPU 59.88 sec
2017-09-26 10:16:17,957 Stage-14 map = 46%,  reduce = 0%, Cumulative CPU 63.44 sec
2017-09-26 10:16:19,028 Stage-14 map = 55%,  reduce = 0%, Cumulative CPU 73.05 sec
2017-09-26 10:16:21,193 Stage-14 map = 64%,  reduce = 0%, Cumulative CPU 79.5 sec
2017-09-26 10:16:23,309 Stage-14 map = 72%,  reduce = 0%, Cumulative CPU 89.41 sec
2017-09-26 10:16:24,377 Stage-14 map = 82%,  reduce = 0%, Cumulative CPU 98.02 sec
2017-09-26 10:16:26,492 Stage-14 map = 91%,  reduce = 0%, Cumulative CPU 99.3 sec
2017-09-26 10:16:27,549 Stage-14 map = 100%,  reduce = 0%, Cumulative CPU 102.56 sec
MapReduce Total cumulative CPU time: 1 minutes 42 seconds 560 msec
Ended Job = job_1506281836527_0070
Stage-21 is selected by condition resolver.
Stage-22 is filtered out by condition resolver.
Stage-4 is filtered out by condition resolver.
SLF4J: Class path contains multiple SLF4J bindings.
SLF4J: Found binding in [jar:file:/home/ubuntu/software/tez-0.7.1-SNAPSHOT-minimal/lib/slf4j-log4j12-1.7.5.jar!/org/slf4j/impl/StaticLoggerBinder.class]
SLF4J: Found binding in [jar:file:/home/ubuntu/software/hadoop-2.6.0/share/hadoop/common/lib/slf4j-log4j12-1.7.5.jar!/org/slf4j/impl/StaticLoggerBinder.class]
SLF4J: See http://www.slf4j.org/codes.html#multiple_bindings for an explanation.
SLF4J: Actual binding is of type [org.slf4j.impl.Log4jLoggerFactory]
Execution log at: /tmp/ubuntu/ubuntu_20170926101131_d749b123-b5a6-4190-8cd1-0b124e74a2a3.log
2017-09-26 10:16:31	Starting to launch local task to process map join;	maximum memory = 932184064
2017-09-26 10:16:32	Dump the side-table for tag: 1 with group count: 30 into file: file:/tmp/ubuntu/039b92ba-988a-4937-a5d7-c0dd956a04c8/hive_2017-09-26_10-11-31_613_2830747937931580814-1/-local-10009/HashTable-Stage-11/MapJoin-mapfile01--.hashtable
2017-09-26 10:16:32	Uploaded 1 File to: file:/tmp/ubuntu/039b92ba-988a-4937-a5d7-c0dd956a04c8/hive_2017-09-26_10-11-31_613_2830747937931580814-1/-local-10009/HashTable-Stage-11/MapJoin-mapfile01--.hashtable (893 bytes)
2017-09-26 10:16:32	End of local task; Time Taken: 1.295 sec.
Execution completed successfully
MapredLocal task succeeded
Launching Job 6 out of 10
Number of reduce tasks is set to 0 since there's no reduce operator
Starting Job = job_1506281836527_0071, Tracking URL = http://vm-21-1:8088/proxy/application_1506281836527_0071/
Kill Command = /home/ubuntu/software/hadoop-2.6.0/bin/hadoop job  -kill job_1506281836527_0071
Hadoop job information for Stage-11: number of mappers: 5; number of reducers: 0
2017-09-26 10:16:39,896 Stage-11 map = 0%,  reduce = 0%
2017-09-26 10:16:48,334 Stage-11 map = 20%,  reduce = 0%, Cumulative CPU 7.98 sec
2017-09-26 10:16:52,559 Stage-11 map = 25%,  reduce = 0%, Cumulative CPU 30.94 sec
2017-09-26 10:16:55,722 Stage-11 map = 64%,  reduce = 0%, Cumulative CPU 41.65 sec
2017-09-26 10:16:57,828 Stage-11 map = 73%,  reduce = 0%, Cumulative CPU 41.65 sec
2017-09-26 10:16:58,889 Stage-11 map = 100%,  reduce = 0%, Cumulative CPU 51.27 sec
MapReduce Total cumulative CPU time: 51 seconds 270 msec
Ended Job = job_1506281836527_0071
Launching Job 7 out of 10
Number of reduce tasks not specified. Estimated from input data size: 1
In order to change the average load for a reducer (in bytes):
  set hive.exec.reducers.bytes.per.reducer=<number>
In order to limit the maximum number of reducers:
  set hive.exec.reducers.max=<number>
In order to set a constant number of reducers:
  set mapreduce.job.reduces=<number>
Starting Job = job_1506281836527_0072, Tracking URL = http://vm-21-1:8088/proxy/application_1506281836527_0072/
Kill Command = /home/ubuntu/software/hadoop-2.6.0/bin/hadoop job  -kill job_1506281836527_0072
Hadoop job information for Stage-5: number of mappers: 2; number of reducers: 1
2017-09-26 10:17:06,279 Stage-5 map = 0%,  reduce = 0%
2017-09-26 10:17:12,718 Stage-5 map = 100%,  reduce = 0%, Cumulative CPU 4.31 sec
2017-09-26 10:17:19,066 Stage-5 map = 100%,  reduce = 100%, Cumulative CPU 6.52 sec
MapReduce Total cumulative CPU time: 6 seconds 520 msec
Ended Job = job_1506281836527_0072
Launching Job 8 out of 10
Number of reduce tasks determined at compile time: 1
In order to change the average load for a reducer (in bytes):
  set hive.exec.reducers.bytes.per.reducer=<number>
In order to limit the maximum number of reducers:
  set hive.exec.reducers.max=<number>
In order to set a constant number of reducers:
  set mapreduce.job.reduces=<number>
Starting Job = job_1506281836527_0073, Tracking URL = http://vm-21-1:8088/proxy/application_1506281836527_0073/
Kill Command = /home/ubuntu/software/hadoop-2.6.0/bin/hadoop job  -kill job_1506281836527_0073
Hadoop job information for Stage-6: number of mappers: 1; number of reducers: 1
2017-09-26 10:17:28,508 Stage-6 map = 0%,  reduce = 0%
2017-09-26 10:17:33,857 Stage-6 map = 100%,  reduce = 0%, Cumulative CPU 1.91 sec
2017-09-26 10:17:39,207 Stage-6 map = 100%,  reduce = 100%, Cumulative CPU 4.29 sec
MapReduce Total cumulative CPU time: 4 seconds 290 msec
Ended Job = job_1506281836527_0073
MapReduce Jobs Launched: 
Stage-Stage-1: Map: 82  Reduce: 86   Cumulative CPU: 1962.38 sec   HDFS Read: 21844878316 HDFS Write: 490208950 SUCCESS
Stage-Stage-17: Map: 4   Cumulative CPU: 64.66 sec   HDFS Read: 490267360 HDFS Write: 1194927423 SUCCESS
Stage-Stage-14: Map: 5   Cumulative CPU: 102.56 sec   HDFS Read: 1194989564 HDFS Write: 1234824527 SUCCESS
Stage-Stage-11: Map: 5   Cumulative CPU: 51.27 sec   HDFS Read: 1234936014 HDFS Write: 33650 SUCCESS
Stage-Stage-5: Map: 2  Reduce: 1   Cumulative CPU: 6.52 sec   HDFS Read: 52698 HDFS Write: 7303 SUCCESS
Stage-Stage-6: Map: 1  Reduce: 1   Cumulative CPU: 4.29 sec   HDFS Read: 18634 HDFS Write: 6427 SUCCESS
Total MapReduce CPU Time Spent: 36 minutes 31 seconds 680 msec
OK
Time taken: 369.791 seconds, Fetched: 72 row(s)
