
Logging initialized using configuration in jar:file:/home/ubuntu/software/hive-1.2.1/lib/hive-common-1.2.1.jar!/hive-log4j.properties
Hive history file=/tmp/ubuntu/hive_job_log_1db6518a-6957-4fa9-ac3c-3fd648afb5dd_1322087031.txt
SLF4J: Class path contains multiple SLF4J bindings.
SLF4J: Found binding in [jar:file:/home/ubuntu/software/tez-0.7.1-SNAPSHOT-minimal/lib/slf4j-log4j12-1.7.5.jar!/org/slf4j/impl/StaticLoggerBinder.class]
SLF4J: Found binding in [jar:file:/home/ubuntu/software/hadoop-2.6.0/share/hadoop/common/lib/slf4j-log4j12-1.7.5.jar!/org/slf4j/impl/StaticLoggerBinder.class]
SLF4J: See http://www.slf4j.org/codes.html#multiple_bindings for an explanation.
SLF4J: Actual binding is of type [org.slf4j.impl.Log4jLoggerFactory]
OK
Time taken: 1.285 seconds
Query ID = ubuntu_20170926104558_ad98be2d-f552-400b-b315-6bc8990cfb2b
Total jobs = 1
Launching Job 1 out of 1


Status: Running (Executing on YARN cluster with App id application_1506281836527_0089)

Map 1: -/-	Map 4: -/-	Map 5: -/-	Map 6: -/-	Reducer 2: 0/1	Reducer 3: 0/1	
Map 1: 0/25	Map 4: 0/1	Map 5: 0/1	Map 6: 0/1	Reducer 2: 0/1	Reducer 3: 0/1	
Map 1: 0/25	Map 4: 0(+1)/1	Map 5: 0(+1)/1	Map 6: 0/1	Reducer 2: 0/1	Reducer 3: 0/1	
Map 1: 0(+2)/25	Map 4: 0(+1)/1	Map 5: 0(+1)/1	Map 6: 0/1	Reducer 2: 0/1	Reducer 3: 0/1	
Map 1: 0(+2)/25	Map 4: 0/1	Map 5: 0(+1)/1	Map 6: 0/1	Reducer 2: 0/1	Reducer 3: 0/1	
Map 1: 0(+2)/25	Map 4: 1/1	Map 5: 0(+1)/1	Map 6: 0/1	Reducer 2: 0/1	Reducer 3: 0/1	
Map 1: 0(+5)/25	Map 4: 1/1	Map 5: 0(+1)/1	Map 6: 0(+1)/1	Reducer 2: 0/1	Reducer 3: 0/1	
Map 1: 0(+5)/25	Map 4: 1/1	Map 5: 1/1	Map 6: 0(+1)/1	Reducer 2: 0/1	Reducer 3: 0/1	
Map 1: 0(+7)/25	Map 4: 1/1	Map 5: 1/1	Map 6: 0(+1)/1	Reducer 2: 0/1	Reducer 3: 0/1	
Map 1: 0(+14)/25	Map 4: 1/1	Map 5: 1/1	Map 6: 0(+1)/1	Reducer 2: 0/1	Reducer 3: 0/1	
Map 1: 0(+15)/25	Map 4: 1/1	Map 5: 1/1	Map 6: 0(+1)/1	Reducer 2: 0/1	Reducer 3: 0/1	
Map 1: 0(+15)/25	Map 4: 1/1	Map 5: 1/1	Map 6: 1/1	Reducer 2: 0/1	Reducer 3: 0/1	
Map 1: 0(+16)/25	Map 4: 1/1	Map 5: 1/1	Map 6: 1/1	Reducer 2: 0/1	Reducer 3: 0/1	
Map 1: 0(+16)/25	Map 4: 1/1	Map 5: 1/1	Map 6: 1/1	Reducer 2: 0/1	Reducer 3: 0/1	
Map 1: 1(+15)/25	Map 4: 1/1	Map 5: 1/1	Map 6: 1/1	Reducer 2: 0/1	Reducer 3: 0/1	
Map 1: 2(+14)/25	Map 4: 1/1	Map 5: 1/1	Map 6: 1/1	Reducer 2: 0/1	Reducer 3: 0/1	
Map 1: 2(+13)/25	Map 4: 1/1	Map 5: 1/1	Map 6: 1/1	Reducer 2: 0/1	Reducer 3: 0/1	
Map 1: 5(+11)/25	Map 4: 1/1	Map 5: 1/1	Map 6: 1/1	Reducer 2: 0/1	Reducer 3: 0/1	
Map 1: 6(+10)/25	Map 4: 1/1	Map 5: 1/1	Map 6: 1/1	Reducer 2: 0/1	Reducer 3: 0/1	
Map 1: 9(+8)/25	Map 4: 1/1	Map 5: 1/1	Map 6: 1/1	Reducer 2: 0/1	Reducer 3: 0/1	
Map 1: 11(+6)/25	Map 4: 1/1	Map 5: 1/1	Map 6: 1/1	Reducer 2: 0/1	Reducer 3: 0/1	
Map 1: 13(+4)/25	Map 4: 1/1	Map 5: 1/1	Map 6: 1/1	Reducer 2: 0/1	Reducer 3: 0/1	
Map 1: 13(+5)/25	Map 4: 1/1	Map 5: 1/1	Map 6: 1/1	Reducer 2: 0/1	Reducer 3: 0/1	
Map 1: 14(+5)/25	Map 4: 1/1	Map 5: 1/1	Map 6: 1/1	Reducer 2: 0/1	Reducer 3: 0/1	
Map 1: 15(+4)/25	Map 4: 1/1	Map 5: 1/1	Map 6: 1/1	Reducer 2: 0/1	Reducer 3: 0/1	
Map 1: 15(+6)/25	Map 4: 1/1	Map 5: 1/1	Map 6: 1/1	Reducer 2: 0/1	Reducer 3: 0/1	
Map 1: 15(+8)/25	Map 4: 1/1	Map 5: 1/1	Map 6: 1/1	Reducer 2: 0/1	Reducer 3: 0/1	
Map 1: 15(+10)/25	Map 4: 1/1	Map 5: 1/1	Map 6: 1/1	Reducer 2: 0/1	Reducer 3: 0/1	
Map 1: 16(+9)/25	Map 4: 1/1	Map 5: 1/1	Map 6: 1/1	Reducer 2: 0/1	Reducer 3: 0/1	
Map 1: 16(+9)/25	Map 4: 1/1	Map 5: 1/1	Map 6: 1/1	Reducer 2: 0/1	Reducer 3: 0/1	
Map 1: 17(+8)/25	Map 4: 1/1	Map 5: 1/1	Map 6: 1/1	Reducer 2: 0/1	Reducer 3: 0/1	
Map 1: 18(+7)/25	Map 4: 1/1	Map 5: 1/1	Map 6: 1/1	Reducer 2: 0/1	Reducer 3: 0/1	
Map 1: 19(+6)/25	Map 4: 1/1	Map 5: 1/1	Map 6: 1/1	Reducer 2: 0/1	Reducer 3: 0/1	
Map 1: 21(+4)/25	Map 4: 1/1	Map 5: 1/1	Map 6: 1/1	Reducer 2: 0/1	Reducer 3: 0/1	
Map 1: 22(+3)/25	Map 4: 1/1	Map 5: 1/1	Map 6: 1/1	Reducer 2: 0/1	Reducer 3: 0/1	
Map 1: 24(+1)/25	Map 4: 1/1	Map 5: 1/1	Map 6: 1/1	Reducer 2: 0/1	Reducer 3: 0/1	
Map 1: 25/25	Map 4: 1/1	Map 5: 1/1	Map 6: 1/1	Reducer 2: 0/1	Reducer 3: 0/1	
Map 1: 25/25	Map 4: 1/1	Map 5: 1/1	Map 6: 1/1	Reducer 2: 0(+1)/1	Reducer 3: 0/1	
Map 1: 25/25	Map 4: 1/1	Map 5: 1/1	Map 6: 1/1	Reducer 2: 1/1	Reducer 3: 0/1	
Map 1: 25/25	Map 4: 1/1	Map 5: 1/1	Map 6: 1/1	Reducer 2: 1/1	Reducer 3: 0(+1)/1	
Map 1: 25/25	Map 4: 1/1	Map 5: 1/1	Map 6: 1/1	Reducer 2: 1/1	Reducer 3: 1/1	
OK
Time taken: 45.955 seconds, Fetched: 100 row(s)
